  CMagazin.cpp
c:\users\teo\desktop\cursuri\poo\poosubiecteexamene\subiectepoo\2008_magazin\2008_magazin\cmagazin.cpp(22): warning C4244: 'argument': conversion from 'float' to 'int', possible loss of data
c:\users\teo\desktop\cursuri\poo\poosubiecteexamene\subiectepoo\2008_magazin\2008_magazin\cmagazin.cpp(23): warning C4244: 'argument': conversion from 'float' to 'int', possible loss of data
c:\users\teo\desktop\cursuri\poo\poosubiecteexamene\subiectepoo\2008_magazin\2008_magazin\cmagazin.cpp(34): warning C4018: '<': signed/unsigned mismatch
c:\users\teo\desktop\cursuri\poo\poosubiecteexamene\subiectepoo\2008_magazin\2008_magazin\cmagazin.cpp(46): warning C4018: '<': signed/unsigned mismatch
c:\users\teo\desktop\cursuri\poo\poosubiecteexamene\subiectepoo\2008_magazin\2008_magazin\cmagazin.cpp(53): warning C4018: '<': signed/unsigned mismatch
c:\users\teo\desktop\cursuri\poo\poosubiecteexamene\subiectepoo\2008_magazin\2008_magazin\cmagazin.cpp(64): warning C4018: '<': signed/unsigned mismatch
c:\users\teo\desktop\cursuri\poo\poosubiecteexamene\subiectepoo\2008_magazin\2008_magazin\cmagazin.cpp(68): warning C4018: '<': signed/unsigned mismatch
c:\users\teo\desktop\cursuri\poo\poosubiecteexamene\subiectepoo\2008_magazin\2008_magazin\cmagazin.cpp(72): warning C4018: '<': signed/unsigned mismatch
c:\users\teo\desktop\cursuri\poo\poosubiecteexamene\subiectepoo\2008_magazin\2008_magazin\cmagazin.cpp(75): warning C4018: '<': signed/unsigned mismatch
c:\users\teo\desktop\cursuri\poo\poosubiecteexamene\subiectepoo\2008_magazin\2008_magazin\cmagazin.cpp(90): warning C4018: '<': signed/unsigned mismatch
c:\users\teo\desktop\cursuri\poo\poosubiecteexamene\subiectepoo\2008_magazin\2008_magazin\cmagazin.cpp(93): warning C4018: '<': signed/unsigned mismatch
c:\users\teo\desktop\cursuri\poo\poosubiecteexamene\subiectepoo\2008_magazin\2008_magazin\cmagazin.cpp(108): warning C4018: '<': signed/unsigned mismatch
c:\users\teo\desktop\cursuri\poo\poosubiecteexamene\subiectepoo\2008_magazin\2008_magazin\cmagazin.cpp(110): warning C4244: 'argument': conversion from 'float' to 'int', possible loss of data
c:\users\teo\desktop\cursuri\poo\poosubiecteexamene\subiectepoo\2008_magazin\2008_magazin\cmagazin.cpp(112): warning C4018: '<': signed/unsigned mismatch
c:\users\teo\desktop\cursuri\poo\poosubiecteexamene\subiectepoo\2008_magazin\2008_magazin\cmagazin.cpp(128): warning C4018: '<': signed/unsigned mismatch
  main.cpp
c:\users\teo\desktop\cursuri\poo\poosubiecteexamene\subiectepoo\2008_magazin\2008_magazin\main.cpp(3): warning C4326: return type of 'main' should be 'int' instead of 'void'
  Generating Code...
  2008_Magazin.vcxproj -> C:\Users\Teo\Desktop\Cursuri\POO\POOSubiecteExamene\SubiectePOO\2008_Magazin\Debug\2008_Magazin.exe
